#
# A fatal error has been detected by the Java Runtime Environment:
#
#  EXCEPTION_ACCESS_VIOLATION (0xc0000005) at pc=0x5ebd98c9, pid=6432, tid=8680
#
# JRE version: 7.0_17-b02
# Java VM: Java HotSpot(TM) Client VM (23.7-b01 mixed mode, sharing windows-x86 )
# Problematic frame:
# C  0x5ebd98c9
#
# Failed to write core dump. Minidumps are not enabled by default on client versions of Windows
#
# If you would like to submit a bug report, please visit:
#   http://bugreport.sun.com/bugreport/crash.jsp
# The crash happened outside the Java Virtual Machine in native code.
# See problematic frame for where to report the bug.
#

---------------  T H R E A D  ---------------

Current thread (0x03f20800):  JavaThread "AWT-EventQueue-0" [_thread_in_native, id=8680, stack(0x045f0000,0x04640000)]

siginfo: ExceptionCode=0xc0000005, ExceptionInformation=0x00000008 0x5ebd98c9

Registers:
EAX=0x0463e708, EBX=0x03b307e0, ECX=0x0463e710, EDX=0x0000004d
ESP=0x0463e6d0, EBP=0x0463e6f0, ESI=0x00000000, EDI=0x03b307e4
EIP=0x5ebd98c9, EFLAGS=0x00010246

Top of Stack: (sp=0x0463e6d0)
0x0463e6d0:   758d57e6 00010001 00000000 0463e710
0x0463e6e0:   0463e740 0000000e 00000000 00000000
0x0463e6f0:   0463e748 770c642e 0463e708 00000020
0x0463e700:   0463eb24 770c63e0 00010001 00000000
0x0463e710:   00000000 00000000 00000500 00000320
0x0463e720:   0463e740 5ebd98c9 758d580b 5ebd9987
0x0463e730:   00000000 00000000 5ebd98c9 0463e740
0x0463e740:   03b30820 00000000 0463e760 5ec0baf5 

Instructions: (pc=0x5ebd98c9)
0x5ebd98a9:   
[error occurred during error reporting (printing registers, top of stack, instructions near pc), id 0xc0000005]

Register to memory mapping:

EAX=0x0463e708 is pointing into the stack for thread: 0x03f20800
EBX=0x03b307e0 is an unknown value
ECX=0x0463e710 is pointing into the stack for thread: 0x03f20800
EDX=0x0000004d is an unknown value
ESP=0x0463e6d0 is pointing into the stack for thread: 0x03f20800
EBP=0x0463e6f0 is pointing into the stack for thread: 0x03f20800
ESI=0x00000000 is an unknown value
EDI=0x03b307e4 is an unknown value


Stack: [0x045f0000,0x04640000],  sp=0x0463e6d0,  free space=313k
Native frames: (J=compiled Java code, j=interpreted, Vv=VM code, C=native code)
C  0x5ebd98c9
C  [ntdll.dll+0x4642e]  KiUserCallbackDispatcher+0x2e
C  0x5ec0baf5

Java frames: (J=compiled Java code, j=interpreted, Vv=VM code)
j  sun.java2d.d3d.D3DSurfaceData.initOps(III)V+0
j  sun.java2d.d3d.D3DSurfaceData.<init>(Lsun/awt/windows/WComponentPeer;Lsun/java2d/d3d/D3DGraphicsConfig;IILjava/awt/Image;Ljava/awt/image/ColorModel;IILsun/java2d/pipe/hw/ExtendedBufferCapabilities$VSyncType;I)V+76
j  sun.java2d.d3d.D3DSurfaceData$D3DWindowSurfaceData.<init>(Lsun/awt/windows/WComponentPeer;Lsun/java2d/d3d/D3DGraphicsConfig;)V+28
j  sun.java2d.d3d.D3DSurfaceData.createData(Lsun/awt/windows/WComponentPeer;)Lsun/java2d/d3d/D3DSurfaceData;+24
j  sun.java2d.d3d.D3DScreenUpdateManager.createScreenSurface(Lsun/awt/Win32GraphicsConfig;Lsun/awt/windows/WComponentPeer;IZ)Lsun/java2d/SurfaceData;+37
j  sun.awt.windows.WComponentPeer.createScreenSurface(Z)V+31
j  sun.awt.windows.WComponentPeer.replaceSurfaceData(ILjava/awt/BufferCapabilities;)V+63
j  sun.awt.windows.WComponentPeer.replaceSurfaceData()V+9
j  sun.awt.windows.WComponentPeer$2.run()V+14
j  javax.swing.RepaintManager$1$1.run()Ljava/lang/Void;+7
j  javax.swing.RepaintManager$1$1.run()Ljava/lang/Object;+1
v  ~StubRoutines::call_stub
j  java.security.AccessController.doPrivileged(Ljava/security/PrivilegedAction;Ljava/security/AccessControlContext;)Ljava/lang/Object;+0
j  java.security.ProtectionDomain$1.doIntersectionPrivilege(Ljava/security/PrivilegedAction;Ljava/security/AccessControlContext;Ljava/security/AccessControlContext;)Ljava/lang/Object;+28
j  javax.swing.RepaintManager$1.run()V+30
j  javax.swing.RepaintManager.prePaintDirtyRegions()V+64
j  javax.swing.RepaintManager.access$1000(Ljavax/swing/RepaintManager;)V+1
j  javax.swing.RepaintManager$ProcessingRunnable.run()V+37
j  java.awt.event.InvocationEvent.dispatch()V+47
j  java.awt.EventQueue.dispatchEventImpl(Ljava/awt/AWTEvent;Ljava/lang/Object;)V+21
j  java.awt.EventQueue.access$200(Ljava/awt/EventQueue;Ljava/awt/AWTEvent;Ljava/lang/Object;)V+3
j  java.awt.EventQueue$3.run()Ljava/lang/Void;+12
j  java.awt.EventQueue$3.run()Ljava/lang/Object;+1
v  ~StubRoutines::call_stub
j  java.security.AccessController.doPrivileged(Ljava/security/PrivilegedAction;Ljava/security/AccessControlContext;)Ljava/lang/Object;+0
j  java.security.ProtectionDomain$1.doIntersectionPrivilege(Ljava/security/PrivilegedAction;Ljava/security/AccessControlContext;Ljava/security/AccessControlContext;)Ljava/lang/Object;+28
j  java.awt.EventQueue.dispatchEvent(Ljava/awt/AWTEvent;)V+46
j  java.awt.EventDispatchThread.pumpOneEventForFilters(I)V+245
j  java.awt.EventDispatchThread.pumpEventsForFilter(ILjava/awt/Conditional;Ljava/awt/EventFilter;)V+35
j  java.awt.EventDispatchThread.pumpEventsForHierarchy(ILjava/awt/Conditional;Ljava/awt/Component;)V+11
j  java.awt.EventDispatchThread.pumpEvents(ILjava/awt/Conditional;)V+4
j  java.awt.EventDispatchThread.pumpEvents(Ljava/awt/Conditional;)V+3
j  java.awt.EventDispatchThread.run()V+9
v  ~StubRoutines::call_stub

---------------  P R O C E S S  ---------------

Java Threads: ( => current thread )
=>0x03f20800 JavaThread "AWT-EventQueue-0" [_thread_in_native, id=8680, stack(0x045f0000,0x04640000)]
  0x03e9f800 JavaThread "AWT-Shutdown" [_thread_blocked, id=6916, stack(0x03cc0000,0x03d10000)]
  0x03e9cc00 JavaThread "Java2D Disposer" daemon [_thread_blocked, id=13564, stack(0x04170000,0x041c0000)]
  0x0188a400 JavaThread "Service Thread" daemon [_thread_blocked, id=9084, stack(0x03d50000,0x03da0000)]
  0x0187fc00 JavaThread "C1 CompilerThread0" daemon [_thread_blocked, id=3000, stack(0x03c60000,0x03cb0000)]
  0x0187e800 JavaThread "Attach Listener" daemon [_thread_blocked, id=6280, stack(0x039e0000,0x03a30000)]
  0x0187b800 JavaThread "Signal Dispatcher" daemon [_thread_blocked, id=14320, stack(0x03950000,0x039a0000)]
  0x0186ac00 JavaThread "Finalizer" daemon [_thread_blocked, id=8364, stack(0x03b70000,0x03bc0000)]
  0x01866000 JavaThread "Reference Handler" daemon [_thread_blocked, id=8412, stack(0x03a70000,0x03ac0000)]
  0x001ca800 JavaThread "main" [_thread_blocked, id=8760, stack(0x01770000,0x017c0000)]

Other Threads:
  0x01863000 VMThread [stack: 0x03900000,0x03950000] [id=11844]
  0x018ad000 WatcherThread [stack: 0x03e40000,0x03e90000] [id=11456]

VM state:not at safepoint (normal execution)

VM Mutex/Monitor currently owned by a thread: None

Heap
 def new generation   total 4928K, used 1358K [0x23c60000, 0x241b0000, 0x291b0000)
  eden space 4416K,  30% used [0x23c60000, 0x23db3860, 0x240b0000)
  from space 512K,   0% used [0x240b0000, 0x240b0000, 0x24130000)
  to   space 512K,   0% used [0x24130000, 0x24130000, 0x241b0000)
 tenured generation   total 10944K, used 0K [0x291b0000, 0x29c60000, 0x33c60000)
   the space 10944K,   0% used [0x291b0000, 0x291b0000, 0x291b0200, 0x29c60000)
 compacting perm gen  total 12288K, used 776K [0x33c60000, 0x34860000, 0x37c60000)
   the space 12288K,   6% used [0x33c60000, 0x33d22018, 0x33d22200, 0x34860000)
    ro space 10240K,  45% used [0x37c60000, 0x380e73d8, 0x380e7400, 0x38660000)
    rw space 12288K,  54% used [0x38660000, 0x38ceacc8, 0x38ceae00, 0x39260000)

Card table byte_map: [0x01180000,0x01230000] byte_map_base: 0x01061d00

Polling page: 0x001a0000

Code Cache  [0x018c0000, 0x01970000, 0x038c0000)
 total_blobs=241 nmethods=44 adapters=132 free_code_cache=32088Kb largest_free_block=32858560

Compilation events (10 events):
Event: 0.733 Thread 0x0187fc00   40             sun.awt.FontConfiguration::contains (24 bytes)
Event: 0.734 Thread 0x0187fc00 nmethod 40 0x01964648 code [0x01964740, 0x01964810]
Event: 0.738 Thread 0x0187fc00   41             java.util.StringTokenizer::scanToken (179 bytes)
Event: 0.739 Thread 0x0187fc00 nmethod 41 0x01964908 code [0x01964a90, 0x01964f08]
Event: 0.756 Thread 0x0187fc00   42             java.io.Win32FileSystem::isSlash (18 bytes)
Event: 0.756 Thread 0x0187fc00 nmethod 42 0x01965608 code [0x01965700, 0x019657b0]
Event: 0.756 Thread 0x0187fc00   43  s          java.lang.StringBuffer::append (8 bytes)
Event: 0.757 Thread 0x0187fc00 nmethod 43 0x01965808 code [0x01965910, 0x01965b3c]
Event: 0.757 Thread 0x0187fc00   44             java.io.Win32FileSystem::normalize (231 bytes)
Event: 0.760 Thread 0x0187fc00 nmethod 44 0x01965cc8 code [0x01965f20, 0x0196766c]

GC Heap History (0 events):
No events

Deoptimization events (0 events):
No events

Internal exceptions (10 events):
Event: 0.642 Thread 0x001ca800 Threw 0x23d25550 at C:\jdk7u2_32P\jdk7u17\hotspot\src\share\vm\prims\jvm.cpp:1166
Event: 0.643 Thread 0x001ca800 Threw 0x23d266e8 at C:\jdk7u2_32P\jdk7u17\hotspot\src\share\vm\prims\jvm.cpp:1166
Event: 0.678 Thread 0x001ca800 Threw 0x23d27e00 at C:\jdk7u2_32P\jdk7u17\hotspot\src\share\vm\prims\jvm.cpp:1166
Event: 0.683 Thread 0x001ca800 Threw 0x23d2bb80 at C:\jdk7u2_32P\jdk7u17\hotspot\src\share\vm\prims\jvm.cpp:1166
Event: 0.684 Thread 0x001ca800 Threw 0x23d2d580 at C:\jdk7u2_32P\jdk7u17\hotspot\src\share\vm\prims\jvm.cpp:1166
Event: 0.685 Thread 0x001ca800 Threw 0x23d2e668 at C:\jdk7u2_32P\jdk7u17\hotspot\src\share\vm\prims\jvm.cpp:1166
Event: 0.753 Thread 0x001ca800 Threw 0x23d6e9c8 at C:\jdk7u2_32P\jdk7u17\hotspot\src\share\vm\prims\jvm.cpp:1166
Event: 0.753 Thread 0x001ca800 Threw 0x23d6eae0 at C:\jdk7u2_32P\jdk7u17\hotspot\src\share\vm\prims\jvm.cpp:1166
Event: 0.755 Thread 0x001ca800 Threw 0x23d72528 at C:\jdk7u2_32P\jdk7u17\hotspot\src\share\vm\prims\jvm.cpp:1166
Event: 0.755 Thread 0x001ca800 Threw 0x23d72640 at C:\jdk7u2_32P\jdk7u17\hotspot\src\share\vm\prims\jvm.cpp:1166

Events (10 events):
Event: 0.829 loading class 0x03eaa8d8 done
Event: 0.829 loading class 0x03f21e28 done
Event: 0.829 loading class 0x03f21df8
Event: 0.829 loading class 0x03eaa948
Event: 0.829 loading class 0x03eaa948 done
Event: 0.830 loading class 0x03f21df8 done
Event: 0.830 loading class 0x018781f8
Event: 0.830 loading class 0x018781f8 done
Event: 0.830 loading class 0x393f28d0
Event: 0.830 loading class 0x393f28d0 done


Dynamic libraries:
0x01270000 - 0x0129f000 	C:\Program Files\Java\jdk1.7.0_17\bin\java.exe
0x77080000 - 0x771bc000 	C:\Windows\SYSTEM32\ntdll.dll
0x75d70000 - 0x75e44000 	C:\Windows\system32\kernel32.dll
0x75360000 - 0x753aa000 	C:\Windows\system32\KERNELBASE.dll
0x75cd0000 - 0x75d70000 	C:\Windows\system32\ADVAPI32.dll
0x754d0000 - 0x7557c000 	C:\Windows\system32\msvcrt.dll
0x75a80000 - 0x75a99000 	C:\Windows\SYSTEM32\sechost.dll
0x76c00000 - 0x76ca1000 	C:\Windows\system32\RPCRT4.dll
0x758c0000 - 0x75989000 	C:\Windows\system32\USER32.dll
0x771d0000 - 0x7721e000 	C:\Windows\system32\GDI32.dll
0x771c0000 - 0x771ca000 	C:\Windows\system32\LPK.dll
0x75990000 - 0x75a2d000 	C:\Windows\system32\USP10.dll
0x74220000 - 0x743be000 	C:\Windows\WinSxS\x86_microsoft.windows.common-controls_6595b64144ccf1df_6.0.7600.16385_none_421189da2b7fabfc\COMCTL32.dll
0x75c10000 - 0x75c67000 	C:\Windows\system32\SHLWAPI.dll
0x75bb0000 - 0x75bcf000 	C:\Windows\system32\IMM32.DLL
0x76b30000 - 0x76bfc000 	C:\Windows\system32\MSCTF.dll
0x64240000 - 0x642fe000 	C:\Program Files\Java\jdk1.7.0_17\jre\bin\msvcr100.dll
0x63c60000 - 0x63fac000 	C:\Program Files\Java\jdk1.7.0_17\jre\bin\client\jvm.dll
0x6f9d0000 - 0x6f9d7000 	C:\Windows\system32\WSOCK32.dll
0x75bd0000 - 0x75c05000 	C:\Windows\system32\WS2_32.dll
0x75aa0000 - 0x75aa6000 	C:\Windows\system32\NSI.dll
0x737a0000 - 0x737d2000 	C:\Windows\system32\WINMM.dll
0x75750000 - 0x75755000 	C:\Windows\system32\PSAPI.DLL
0x641f0000 - 0x641fc000 	C:\Program Files\Java\jdk1.7.0_17\jre\bin\verify.dll
0x641d0000 - 0x641f0000 	C:\Program Files\Java\jdk1.7.0_17\jre\bin\java.dll
0x67060000 - 0x67073000 	C:\Program Files\Java\jdk1.7.0_17\jre\bin\zip.dll
0x5b470000 - 0x5b5b2000 	C:\Program Files\Java\jdk1.7.0_17\jre\bin\awt.dll
0x76aa0000 - 0x76b2f000 	C:\Windows\system32\OLEAUT32.dll
0x75760000 - 0x758bc000 	C:\Windows\system32\ole32.dll
0x73c70000 - 0x73c83000 	C:\Windows\system32\DWMAPI.DLL
0x740a0000 - 0x740e0000 	C:\Windows\system32\uxtheme.dll
0x75150000 - 0x7515c000 	C:\Windows\system32\CRYPTBASE.dll
0x75e50000 - 0x76a99000 	C:\Windows\system32\SHELL32.dll
0x5b390000 - 0x5b3ba000 	C:\Program Files\Java\jdk1.7.0_17\jre\bin\fontmanager.dll
0x66f70000 - 0x6705b000 	C:\Windows\system32\dbghelp.dll

VM Arguments:
jvm_args: -Dfile.encoding=UTF-8 
java_command: run
Launcher Type: SUN_STANDARD

Environment Variables:
JAVA_HOME=C:\Program Files\Java\jdk1.7.0_17\bin\;
PATH=C:\Program Files\NVIDIA Corporation\PhysX\Common;C:\Windows\system32;C:\Windows;C:\Windows\System32\Wbem;C:\Windows\System32\WindowsPowerShell\v1.0\;C:\Program Files\Microsoft SQL Server\100\Tools\Binn\;C:\Program Files\Microsoft SQL Server\100\DTS\Binn\;D:\Akram\games\android-sdk-windows\platform-tools\;C:\Program Files\Flash Magic;C:\Program Files\Java\jdk1.7.0_17\bin;C:\MinGW\bin;C:\apache-ivy-2.3.0-bin;C:\Program Files\Windows Kits\8.0\Windows Performance Toolkit\;E:\opencv\opencv\build\x86\vc10\bin\;E:\opencv\opencv\build\common\tbb\ia32\vc10;C:\Program Files\Android\android-sdk\platform-tools;
USERNAME=Akram
OS=Windows_NT
PROCESSOR_IDENTIFIER=x86 Family 6 Model 15 Stepping 13, GenuineIntel



---------------  S Y S T E M  ---------------

OS: Windows 7 Build 7600 

CPU:total 2 (2 cores per cpu, 1 threads per core) family 6 model 15 stepping 13, cmov, cx8, fxsr, mmx, sse, sse2, sse3, ssse3, tsc

Memory: 4k page, physical 3144120k(1293268k free), swap 6286476k(3902236k free)

vm_info: Java HotSpot(TM) Client VM (23.7-b01) for windows-x86 JRE (1.7.0_17-b02), built on Mar  1 2013 05:04:36 by "java_re" with unknown MS VC++:1600

time: Sun Dec 08 10:27:10 2013
elapsed time: 1 seconds

